2021-11-21  1:23:32 0 [Note] InnoDB: Mutexes and rw_locks use Windows interlocked functions
2021-11-21  1:23:32 0 [Note] InnoDB: Uses event mutexes
2021-11-21  1:23:32 0 [Note] InnoDB: Compressed tables use zlib 1.2.11
2021-11-21  1:23:32 0 [Note] InnoDB: Number of pools: 1
2021-11-21  1:23:32 0 [Note] InnoDB: Using SSE2 crc32 instructions
2021-11-21  1:23:32 0 [Note] InnoDB: Initializing buffer pool, total size = 16M, instances = 1, chunk size = 16M
2021-11-21  1:23:32 0 [Note] InnoDB: Completed initialization of buffer pool
2021-11-21  1:23:34 0 [Note] InnoDB: Starting crash recovery from checkpoint LSN=300288
2021-11-21  1:23:34 0 [Note] InnoDB: 128 out of 128 rollback segments are active.
2021-11-21  1:23:34 0 [Note] InnoDB: Removed temporary tablespace data file: "ibtmp1"
2021-11-21  1:23:34 0 [Note] InnoDB: Creating shared tablespace for temporary tables
2021-11-21  1:23:34 0 [Note] InnoDB: Setting file 'D:\Program Files\xampp\mysql\data\ibtmp1' size to 12 MB. Physically writing the file full; Please wait ...
2021-11-21  1:23:34 0 [Note] InnoDB: File 'D:\Program Files\xampp\mysql\data\ibtmp1' size is now 12 MB.
2021-11-21  1:23:34 0 [Note] InnoDB: Waiting for purge to start
2021-11-21  1:23:34 0 [Note] InnoDB: 10.4.21 started; log sequence number 300297; transaction id 170
2021-11-21  1:23:34 0 [Note] InnoDB: Loading buffer pool(s) from D:\Program Files\xampp\mysql\data\ib_buffer_pool
2021-11-21  1:23:34 0 [Note] Plugin 'FEEDBACK' is disabled.
2021-11-21  1:23:34 0 [Note] Server socket created on IP: '::'.
2021-11-21  1:23:34 0 [ERROR] Can't start server: Bind on TCP/IP port. Got error: 10048: Only one usage of each socket address (protocol/network address/port) is normally permitted.

2021-11-21  1:23:34 0 [ERROR] Do you already have another mysqld server running on port: 3306 ?
2021-11-21  1:23:34 0 [ERROR] Aborting
2021-11-21  1:23:41 0 [Note] InnoDB: Mutexes and rw_locks use Windows interlocked functions
2021-11-21  1:23:41 0 [Note] InnoDB: Uses event mutexes
2021-11-21  1:23:41 0 [Note] InnoDB: Compressed tables use zlib 1.2.11
2021-11-21  1:23:41 0 [Note] InnoDB: Number of pools: 1
2021-11-21  1:23:41 0 [Note] InnoDB: Using SSE2 crc32 instructions
2021-11-21  1:23:41 0 [Note] InnoDB: Initializing buffer pool, total size = 16M, instances = 1, chunk size = 16M
2021-11-21  1:23:41 0 [Note] InnoDB: Completed initialization of buffer pool
2021-11-21  1:23:42 0 [Note] InnoDB: 128 out of 128 rollback segments are active.
2021-11-21  1:23:42 0 [Note] InnoDB: Creating shared tablespace for temporary tables
2021-11-21  1:23:42 0 [Note] InnoDB: Setting file 'D:\Program Files\xampp\mysql\data\ibtmp1' size to 12 MB. Physically writing the file full; Please wait ...
2021-11-21  1:23:42 0 [Note] InnoDB: File 'D:\Program Files\xampp\mysql\data\ibtmp1' size is now 12 MB.
2021-11-21  1:23:42 0 [Note] InnoDB: Waiting for purge to start
2021-11-21  1:23:42 0 [Note] InnoDB: 10.4.21 started; log sequence number 300306; transaction id 170
2021-11-21  1:23:42 0 [Note] InnoDB: Loading buffer pool(s) from D:\Program Files\xampp\mysql\data\ib_buffer_pool
2021-11-21  1:23:42 0 [Note] Plugin 'FEEDBACK' is disabled.
2021-11-21  1:23:42 0 [Note] Server socket created on IP: '::'.
2021-11-21  1:23:42 0 [ERROR] Can't start server: Bind on TCP/IP port. Got error: 10048: Only one usage of each socket address (protocol/network address/port) is normally permitted.

2021-11-21  1:23:42 0 [ERROR] Do you already have another mysqld server running on port: 3306 ?
2021-11-21  1:23:42 0 [ERROR] Aborting
2021-11-21  1:23:53 0 [Note] InnoDB: Mutexes and rw_locks use Windows interlocked functions
2021-11-21  1:23:53 0 [Note] InnoDB: Uses event mutexes
2021-11-21  1:23:53 0 [Note] InnoDB: Compressed tables use zlib 1.2.11
2021-11-21  1:23:53 0 [Note] InnoDB: Number of pools: 1
2021-11-21  1:23:53 0 [Note] InnoDB: Using SSE2 crc32 instructions
2021-11-21  1:23:53 0 [Note] InnoDB: Initializing buffer pool, total size = 16M, instances = 1, chunk size = 16M
2021-11-21  1:23:53 0 [Note] InnoDB: Completed initialization of buffer pool
2021-11-21  1:23:53 0 [Note] InnoDB: 128 out of 128 rollback segments are active.
2021-11-21  1:23:53 0 [Note] InnoDB: Creating shared tablespace for temporary tables
2021-11-21  1:23:53 0 [Note] InnoDB: Setting file 'D:\Program Files\xampp\mysql\data\ibtmp1' size to 12 MB. Physically writing the file full; Please wait ...
2021-11-21  1:23:53 0 [Note] InnoDB: File 'D:\Program Files\xampp\mysql\data\ibtmp1' size is now 12 MB.
2021-11-21  1:23:53 0 [Note] InnoDB: Waiting for purge to start
2021-11-21  1:23:53 0 [Note] InnoDB: 10.4.21 started; log sequence number 300315; transaction id 170
2021-11-21  1:23:53 0 [Note] InnoDB: Loading buffer pool(s) from D:\Program Files\xampp\mysql\data\ib_buffer_pool
2021-11-21  1:23:53 0 [Note] Plugin 'FEEDBACK' is disabled.
2021-11-21  1:23:53 0 [Note] Server socket created on IP: '::'.
2021-11-21  1:23:53 0 [ERROR] Can't start server: Bind on TCP/IP port. Got error: 10048: Only one usage of each socket address (protocol/network address/port) is normally permitted.

2021-11-21  1:23:53 0 [ERROR] Do you already have another mysqld server running on port: 3306 ?
2021-11-21  1:23:53 0 [ERROR] Aborting
2021-11-21  1:26:09 0 [Note] InnoDB: Mutexes and rw_locks use Windows interlocked functions
2021-11-21  1:26:09 0 [Note] InnoDB: Uses event mutexes
2021-11-21  1:26:09 0 [Note] InnoDB: Compressed tables use zlib 1.2.11
2021-11-21  1:26:09 0 [Note] InnoDB: Number of pools: 1
2021-11-21  1:26:09 0 [Note] InnoDB: Using SSE2 crc32 instructions
2021-11-21  1:26:09 0 [Note] InnoDB: Initializing buffer pool, total size = 16M, instances = 1, chunk size = 16M
2021-11-21  1:26:09 0 [Note] InnoDB: Completed initialization of buffer pool
2021-11-21  1:26:11 0 [Note] InnoDB: 128 out of 128 rollback segments are active.
2021-11-21  1:26:11 0 [Note] InnoDB: Creating shared tablespace for temporary tables
2021-11-21  1:26:11 0 [Note] InnoDB: Setting file 'D:\Program Files\xampp\mysql\data\ibtmp1' size to 12 MB. Physically writing the file full; Please wait ...
2021-11-21  1:26:11 0 [Note] InnoDB: File 'D:\Program Files\xampp\mysql\data\ibtmp1' size is now 12 MB.
2021-11-21  1:26:11 0 [Note] InnoDB: Waiting for purge to start
2021-11-21  1:26:11 0 [Note] InnoDB: 10.4.21 started; log sequence number 300324; transaction id 170
2021-11-21  1:26:11 0 [Note] InnoDB: Loading buffer pool(s) from D:\Program Files\xampp\mysql\data\ib_buffer_pool
2021-11-21  1:26:11 0 [Note] Plugin 'FEEDBACK' is disabled.
2021-11-21  1:26:11 0 [Note] Server socket created on IP: '::'.
2021-11-21  1:26:11 0 [ERROR] Can't start server: Bind on TCP/IP port. Got error: 10048: Only one usage of each socket address (protocol/network address/port) is normally permitted.

2021-11-21  1:26:11 0 [ERROR] Do you already have another mysqld server running on port: 3306 ?
2021-11-21  1:26:11 0 [ERROR] Aborting
2021-11-21  1:26:56 0 [Note] InnoDB: Mutexes and rw_locks use Windows interlocked functions
2021-11-21  1:26:56 0 [Note] InnoDB: Uses event mutexes
2021-11-21  1:26:56 0 [Note] InnoDB: Compressed tables use zlib 1.2.11
2021-11-21  1:26:56 0 [Note] InnoDB: Number of pools: 1
2021-11-21  1:26:56 0 [Note] InnoDB: Using SSE2 crc32 instructions
2021-11-21  1:26:56 0 [Note] InnoDB: Initializing buffer pool, total size = 16M, instances = 1, chunk size = 16M
2021-11-21  1:26:56 0 [Note] InnoDB: Completed initialization of buffer pool
2021-11-21  1:26:56 0 [Note] InnoDB: 128 out of 128 rollback segments are active.
2021-11-21  1:26:56 0 [Note] InnoDB: Creating shared tablespace for temporary tables
2021-11-21  1:26:56 0 [Note] InnoDB: Setting file 'D:\Program Files\xampp\mysql\data\ibtmp1' size to 12 MB. Physically writing the file full; Please wait ...
2021-11-21  1:26:56 0 [Note] InnoDB: File 'D:\Program Files\xampp\mysql\data\ibtmp1' size is now 12 MB.
2021-11-21  1:26:56 0 [Note] InnoDB: Waiting for purge to start
2021-11-21  1:26:56 0 [Note] InnoDB: 10.4.21 started; log sequence number 300333; transaction id 170
2021-11-21  1:26:56 0 [Note] InnoDB: Loading buffer pool(s) from D:\Program Files\xampp\mysql\data\ib_buffer_pool
2021-11-21  1:26:56 0 [Note] Plugin 'FEEDBACK' is disabled.
2021-11-21  1:26:56 0 [Note] Server socket created on IP: '::'.
2021-11-21  1:26:56 0 [ERROR] Can't start server: Bind on TCP/IP port. Got error: 10048: Only one usage of each socket address (protocol/network address/port) is normally permitted.

2021-11-21  1:26:56 0 [ERROR] Do you already have another mysqld server running on port: 3306 ?
2021-11-21  1:26:56 0 [ERROR] Aborting
2021-11-21  1:30:11 0 [Note] InnoDB: Mutexes and rw_locks use Windows interlocked functions
2021-11-21  1:30:11 0 [Note] InnoDB: Uses event mutexes
2021-11-21  1:30:11 0 [Note] InnoDB: Compressed tables use zlib 1.2.11
2021-11-21  1:30:11 0 [Note] InnoDB: Number of pools: 1
2021-11-21  1:30:11 0 [Note] InnoDB: Using SSE2 crc32 instructions
2021-11-21  1:30:11 0 [Note] InnoDB: Initializing buffer pool, total size = 16M, instances = 1, chunk size = 16M
2021-11-21  1:30:11 0 [Note] InnoDB: Completed initialization of buffer pool
2021-11-21  1:30:11 0 [Note] InnoDB: 128 out of 128 rollback segments are active.
2021-11-21  1:30:11 0 [Note] InnoDB: Creating shared tablespace for temporary tables
2021-11-21  1:30:11 0 [Note] InnoDB: Setting file 'D:\Program Files\xampp\mysql\data\ibtmp1' size to 12 MB. Physically writing the file full; Please wait ...
2021-11-21  1:30:11 0 [Note] InnoDB: File 'D:\Program Files\xampp\mysql\data\ibtmp1' size is now 12 MB.
2021-11-21  1:30:11 0 [Note] InnoDB: Waiting for purge to start
2021-11-21  1:30:11 0 [Note] InnoDB: 10.4.21 started; log sequence number 300342; transaction id 170
2021-11-21  1:30:11 0 [Note] InnoDB: Loading buffer pool(s) from D:\Program Files\xampp\mysql\data\ib_buffer_pool
2021-11-21  1:30:11 0 [Note] Plugin 'FEEDBACK' is disabled.
2021-11-21  1:30:11 0 [Note] Server socket created on IP: '::'.
2021-11-21  1:38:57 0 [Note] InnoDB: Mutexes and rw_locks use Windows interlocked functions
2021-11-21  1:38:57 0 [Note] InnoDB: Uses event mutexes
2021-11-21  1:38:57 0 [Note] InnoDB: Compressed tables use zlib 1.2.11
2021-11-21  1:38:57 0 [Note] InnoDB: Number of pools: 1
2021-11-21  1:38:57 0 [Note] InnoDB: Using SSE2 crc32 instructions
2021-11-21  1:38:57 0 [Note] InnoDB: Initializing buffer pool, total size = 16M, instances = 1, chunk size = 16M
2021-11-21  1:38:57 0 [Note] InnoDB: Completed initialization of buffer pool
2021-11-21  1:38:57 0 [Note] InnoDB: Starting crash recovery from checkpoint LSN=303810
2021-11-21  1:38:58 0 [Note] InnoDB: 128 out of 128 rollback segments are active.
2021-11-21  1:38:58 0 [Note] InnoDB: Removed temporary tablespace data file: "ibtmp1"
2021-11-21  1:38:58 0 [Note] InnoDB: Creating shared tablespace for temporary tables
2021-11-21  1:38:58 0 [Note] InnoDB: Setting file 'D:\Program Files\xampp\mysql\data\ibtmp1' size to 12 MB. Physically writing the file full; Please wait ...
2021-11-21  1:38:58 0 [Note] InnoDB: File 'D:\Program Files\xampp\mysql\data\ibtmp1' size is now 12 MB.
2021-11-21  1:38:58 0 [Note] InnoDB: Waiting for purge to start
2021-11-21  1:38:58 0 [Note] InnoDB: 10.4.21 started; log sequence number 303819; transaction id 170
2021-11-21  1:38:58 0 [Note] InnoDB: Loading buffer pool(s) from D:\Program Files\xampp\mysql\data\ib_buffer_pool
2021-11-21  1:38:58 0 [Note] Plugin 'FEEDBACK' is disabled.
2021-11-21  1:38:58 0 [Note] Server socket created on IP: '::'.
2021-11-21 10:33:06 0 [Note] InnoDB: Mutexes and rw_locks use Windows interlocked functions
2021-11-21 10:33:06 0 [Note] InnoDB: Uses event mutexes
2021-11-21 10:33:06 0 [Note] InnoDB: Compressed tables use zlib 1.2.11
2021-11-21 10:33:06 0 [Note] InnoDB: Number of pools: 1
2021-11-21 10:33:06 0 [Note] InnoDB: Using SSE2 crc32 instructions
2021-11-21 10:33:06 0 [Note] InnoDB: Initializing buffer pool, total size = 16M, instances = 1, chunk size = 16M
2021-11-21 10:33:06 0 [Note] InnoDB: Completed initialization of buffer pool
2021-11-21 10:33:07 0 [Note] InnoDB: Starting crash recovery from checkpoint LSN=347175
2021-11-21 10:33:08 0 [Note] InnoDB: 128 out of 128 rollback segments are active.
2021-11-21 10:33:08 0 [Note] InnoDB: Removed temporary tablespace data file: "ibtmp1"
2021-11-21 10:33:08 0 [Note] InnoDB: Creating shared tablespace for temporary tables
2021-11-21 10:33:08 0 [Note] InnoDB: Setting file 'D:\Program Files\xampp\mysql\data\ibtmp1' size to 12 MB. Physically writing the file full; Please wait ...
2021-11-21 10:33:08 0 [Note] InnoDB: File 'D:\Program Files\xampp\mysql\data\ibtmp1' size is now 12 MB.
2021-11-21 10:33:08 0 [Note] InnoDB: Waiting for purge to start
2021-11-21 10:33:08 0 [Note] InnoDB: 10.4.21 started; log sequence number 347184; transaction id 271
2021-11-21 10:33:08 0 [Note] InnoDB: Loading buffer pool(s) from D:\Program Files\xampp\mysql\data\ib_buffer_pool
2021-11-21 10:33:08 0 [Note] Plugin 'FEEDBACK' is disabled.
2021-11-21 10:33:08 0 [Note] Server socket created on IP: '::'.
